<?xml version="1.0" encoding="UTF-8"?>
<testng-results skipped="0" failed="0" total="1" passed="1">
  <reporter-output>
  </reporter-output>
  <suite name="Default suite" duration-ms="23885" started-at="2016-04-16T06:02:26Z" finished-at="2016-04-16T06:02:50Z">
    <groups>
    </groups>
    <test name="Default test" duration-ms="23885" started-at="2016-04-16T06:02:26Z" finished-at="2016-04-16T06:02:50Z">
      <class name="MultipleWindow.MultipleWindow">
        <test-method status="PASS" signature="implicityWait()[pri:0, instance:MultipleWindow.MultipleWindow@643b1d11]" name="implicityWait" duration-ms="23867" started-at="2016-04-16T11:47:26Z" finished-at="2016-04-16T11:47:50Z">
          <reporter-output>
          </reporter-output>
        </test-method> <!-- implicityWait -->
      </class> <!-- MultipleWindow.MultipleWindow -->
    </test> <!-- Default test -->
  </suite> <!-- Default suite -->
</testng-results>
